Using pre-set license
Built from '2020.3/staging' branch; Version is '2020.3.22f1 (e1a7f79fd887) revision 14788599'; Using compiler version '192528614'; Build Type 'Release'
OS: 'Windows 10 Home; OS build 19043.1466; Version 2009; 64bit' Language: 'he' Physical Memory: 16268 MB
BatchMode: 1, IsHumanControllingUs: 0, StartBugReporterOnCrash: 0, Is64bit: 1, IsPro: 0

COMMAND LINE ARGUMENTS:
D:\2020.3.22f1\Editor\Unity.exe
-adb2
-batchMode
-noUpm
-name
AssetImportWorker0
-projectPath
D:/2d-Platform/New Unity Project
-logFile
Logs/AssetImportWorker0.log
-srvPort
54724
Successfully changed project path to: D:/2d-Platform/New Unity Project
D:/2d-Platform/New Unity Project
Using Asset Import Pipeline V2.
Refreshing native plugins compatible for Editor in 55.04 ms, found 2 plugins.
Preloading 0 native plugins for Editor in 0.00 ms.
Initialize engine version: 2020.3.22f1 (e1a7f79fd887)
[Subsystems] Discovering subsystems at path D:/2020.3.22f1/Editor/Data/Resources/UnitySubsystems
[Subsystems] Discovering subsystems at path D:/2d-Platform/New Unity Project/Assets
GfxDevice: creating device client; threaded=0
Direct3D:
    Version:  Direct3D 11.0 [level 11.1]
    Renderer: NVIDIA GeForce GTX 1050 (ID=0x1c8d)
    Vendor:   
    VRAM:     4021 MB
    Driver:   27.21.14.6192
Initialize mono
Mono path[0] = 'D:/2020.3.22f1/Editor/Data/Managed'
Mono path[1] = 'D:/2020.3.22f1/Editor/Data/MonoBleedingEdge/lib/mono/unityjit'
Mono config path = 'D:/2020.3.22f1/Editor/Data/MonoBleedingEdge/etc'
Using monoOptions --debugger-agent=transport=dt_socket,embedding=1,server=y,suspend=n,address=127.0.0.1:56204
Begin MonoManager ReloadAssembly
Registering precompiled unity dll's ...
Register platform support module: D:/2020.3.22f1/Editor/Data/PlaybackEngines/WebGLSupport/UnityEditor.WebGL.Extensions.dll
Register platform support module: D:/2020.3.22f1/Editor/Data/PlaybackEngines/WindowsStandaloneSupport/UnityEditor.WindowsStandalone.Extensions.dll
Registered in 0.001347 seconds.
Native extension for WindowsStandalone target not found
Native extension for WebGL target not found
Refreshing native plugins compatible for Editor in 94.31 ms, found 2 plugins.
Preloading 0 native plugins for Editor in 0.00 ms.
Mono: successfully reloaded assembly
- Completed reload, in  2.112 seconds
Domain Reload Profiling:
	ReloadAssembly (2112ms)
		BeginReloadAssembly (59ms)
			ExecutionOrderSort (0ms)
			DisableScriptedObjects (0ms)
			BackupInstance (0ms)
			ReleaseScriptingObjects (0ms)
			CreateAndSetChildDomain (1ms)
		EndReloadAssembly (886ms)
			LoadAssemblies (58ms)
			RebuildTransferFunctionScriptingTraits (0ms)
			SetupTypeCache (218ms)
			ReleaseScriptCaches (0ms)
			RebuildScriptCaches (70ms)
			SetupLoadedEditorAssemblies (318ms)
				LogAssemblyErrors (0ms)
				InitializePlatformSupportModulesInManaged (9ms)
				SetLoadedEditorAssemblies (1ms)
				RefreshPlugins (94ms)
				BeforeProcessingInitializeOnLoad (24ms)
				ProcessInitializeOnLoadAttributes (140ms)
				ProcessInitializeOnLoadMethodAttributes (49ms)
				AfterProcessingInitializeOnLoad (0ms)
				EditorAssembliesLoaded (0ms)
			ExecutionOrderSort2 (0ms)
			AwakeInstancesAfterBackupRestoration (0ms)
Platform modules already initialized, skipping
Registering precompiled user dll's ...
Registered in 0.005703 seconds.
Begin MonoManager ReloadAssembly
Native extension for WindowsStandalone target not found
Native extension for WebGL target not found
Refreshing native plugins compatible for Editor in 0.59 ms, found 2 plugins.
Preloading 0 native plugins for Editor in 0.00 ms.
Mono: successfully reloaded assembly
- Completed reload, in  1.460 seconds
Domain Reload Profiling:
	ReloadAssembly (1461ms)
		BeginReloadAssembly (169ms)
			ExecutionOrderSort (0ms)
			DisableScriptedObjects (6ms)
			BackupInstance (0ms)
			ReleaseScriptingObjects (0ms)
			CreateAndSetChildDomain (25ms)
		EndReloadAssembly (1213ms)
			LoadAssemblies (107ms)
			RebuildTransferFunctionScriptingTraits (0ms)
			SetupTypeCache (435ms)
			ReleaseScriptCaches (1ms)
			RebuildScriptCaches (77ms)
			SetupLoadedEditorAssemblies (462ms)
				LogAssemblyErrors (0ms)
				InitializePlatformSupportModulesInManaged (6ms)
				SetLoadedEditorAssemblies (0ms)
				RefreshPlugins (1ms)
				BeforeProcessingInitializeOnLoad (113ms)
				ProcessInitializeOnLoadAttributes (331ms)
				ProcessInitializeOnLoadMethodAttributes (9ms)
				AfterProcessingInitializeOnLoad (3ms)
				EditorAssembliesLoaded (0ms)
			ExecutionOrderSort2 (0ms)
			AwakeInstancesAfterBackupRestoration (7ms)
Platform modules already initialized, skipping
========================================================================
Worker process is ready to serve import requests
Launched and connected shader compiler UnityShaderCompiler.exe after 0.11 seconds
Refreshing native plugins compatible for Editor in 0.64 ms, found 2 plugins.
Preloading 0 native plugins for Editor in 0.00 ms.
Unloading 2000 Unused Serialized files (Serialized files now loaded: 0)
System memory in use before: 89.5 MB.
System memory in use after: 86.9 MB.

Unloading 61 unused Assets to reduce memory usage. Loaded Objects now: 2391.
Total: 5.056300 ms (FindLiveObjects: 0.243900 ms CreateObjectMapping: 0.113600 ms MarkObjects: 3.626600 ms  DeleteObjects: 1.071000 ms)

AssetImportParameters requested are different than current active one (requested -> active):
  custom:framework-win-MediaFoundation: 216162199b28c13a410421893ffa2e32 -> 
  custom:video-decoder-ogg-theora: a1e56fd34408186e4bbccfd4996cb3dc -> 
  custom:container-muxer-webm: aa71ff27fc2769a1b78a27578f13a17b -> 
  custom:container-demuxer-webm: 4f35f7cbe854078d1ac9338744f61a02 -> 
  custom:container-demuxer-ogg: 62fdf1f143b41e24485cea50d1cbac27 -> 
  custom:video-encoder-webm-vp8: eb34c28f22e8b96e1ab97ce403110664 -> 
  custom:video-codec-MediaFoundation-h265: 746d11721c4dcdbdad8f713fa42b33f4 -> 
  custom:video-decoder-webm-vp8: 9c59270c3fd7afecdb556c50c9e8de78 -> 
  custom:audio-decoder-ogg-vorbis: bf7c407c2cedff20999df2af8eb42d56 -> 
  custom:audio-encoder-webm-vorbis: bf7c407c2cedff20999df2af8eb42d56 -> 
========================================================================
Received Import Request.
  path: Assets/Scripts/Gameplay
  artifactKey: Guid(0bba7187774c442d68b0d24091d186a8) Importer(815301076,1909f56bfc062723c751e8b465ee728b)
Start importing Assets/Scripts/Gameplay using Guid(0bba7187774c442d68b0d24091d186a8) Importer(815301076,1909f56bfc062723c751e8b465ee728b)  -> (artifact id: '15ce641e6473cdeb5a4cdbc4bccd8548') in 0.016667 seconds 
  Import took 0.020691 seconds .

========================================================================
Received Import Request.
  Time since last request: 0.000322 seconds.
  path: Assets/Scripts/Core
  artifactKey: Guid(22415b0b323d44ef59e4bb108e1718f7) Importer(815301076,1909f56bfc062723c751e8b465ee728b)
Start importing Assets/Scripts/Core using Guid(22415b0b323d44ef59e4bb108e1718f7) Importer(815301076,1909f56bfc062723c751e8b465ee728b)  -> (artifact id: '56c4e399562bda5f95b2cb0cd13d13d3') in 0.008690 seconds 
  Import took 0.013816 seconds .

========================================================================
Received Import Request.
  Time since last request: 23.539334 seconds.
  path: Assets/Scripts/Model/PlatformerModel.cs
  artifactKey: Guid(76778dfacd2bc4a1993874eec5ccfe34) Importer(815301076,1909f56bfc062723c751e8b465ee728b)
Start importing Assets/Scripts/Model/PlatformerModel.cs using Guid(76778dfacd2bc4a1993874eec5ccfe34) Importer(815301076,1909f56bfc062723c751e8b465ee728b)  -> (artifact id: 'a8c1565ca06a2cec8fb39c96a67960fd') in 0.100514 seconds 
  Import took 0.105500 seconds .

========================================================================
Received Import Request.
  Time since last request: 409.595070 seconds.
  path: Assets/Scripts/Mechanics/KinematicObject.cs
  artifactKey: Guid(565fbc50999104819abb0f2031ff5ac9) Importer(815301076,1909f56bfc062723c751e8b465ee728b)
Start importing Assets/Scripts/Mechanics/KinematicObject.cs using Guid(565fbc50999104819abb0f2031ff5ac9) Importer(815301076,1909f56bfc062723c751e8b465ee728b)  -> (artifact id: 'c7ad9c74fd0c2b0d9788be43fe55423d') in 0.029102 seconds 
  Import took 0.048484 seconds .

========================================================================
Received Import Request.
  Time since last request: 1174.814959 seconds.
  path: Assets/Character/Animations/Player.controller
  artifactKey: Guid(b09e60546065cf9448b36ebb7f759a91) Importer(815301076,1909f56bfc062723c751e8b465ee728b)
Start importing Assets/Character/Animations/Player.controller using Guid(b09e60546065cf9448b36ebb7f759a91) Importer(815301076,1909f56bfc062723c751e8b465ee728b)  -> (artifact id: '4d9f8891953962719ab34e65ab6edd20') in 0.522176 seconds 
  Import took 0.574080 seconds .

========================================================================
Received Import Request.
  Time since last request: 44.049296 seconds.
  path: Assets/Character/Animations/PlayerHurt.anim
  artifactKey: Guid(acd3fdc6781e749908cec8f29cbac75f) Importer(815301076,1909f56bfc062723c751e8b465ee728b)
Start importing Assets/Character/Animations/PlayerHurt.anim using Guid(acd3fdc6781e749908cec8f29cbac75f) Importer(815301076,1909f56bfc062723c751e8b465ee728b)  -> (artifact id: 'e2f4812c15dbd5ec77901f7928ab7788') in 0.017493 seconds 
  Import took 0.034761 seconds .

========================================================================
Received Import Request.
  Time since last request: 9.364490 seconds.
  path: Assets/Character/Animations/PlayerIdle.anim
  artifactKey: Guid(712f4510fc9b249348d4d8e97b12dc45) Importer(815301076,1909f56bfc062723c751e8b465ee728b)
Start importing Assets/Character/Animations/PlayerIdle.anim using Guid(712f4510fc9b249348d4d8e97b12dc45) Importer(815301076,1909f56bfc062723c751e8b465ee728b)  -> (artifact id: '2b9e5819fca34406a1d810aadad6aef2') in 0.074122 seconds 
  Import took 0.083881 seconds .

========================================================================
Received Import Request.
  Time since last request: 12.586439 seconds.
  path: Assets/Character/Sprites/PlayerIdle.png
  artifactKey: Guid(ba86c7b200abe499cb750833482830b3) Importer(815301076,1909f56bfc062723c751e8b465ee728b)
Start importing Assets/Character/Sprites/PlayerIdle.png using Guid(ba86c7b200abe499cb750833482830b3) Importer(815301076,1909f56bfc062723c751e8b465ee728b)  -> (artifact id: 'bfb53ae3437176fe741331a2841939e3') in 1.209807 seconds 
  Import took 1.216007 seconds .

========================================================================
Received Import Request.
  Time since last request: 9.192354 seconds.
  path: Assets/Character/Animations/PlayerJump.anim
  artifactKey: Guid(1d7e02f8cf5ba47a78bc1e19cc378478) Importer(815301076,1909f56bfc062723c751e8b465ee728b)
Start importing Assets/Character/Animations/PlayerJump.anim using Guid(1d7e02f8cf5ba47a78bc1e19cc378478) Importer(815301076,1909f56bfc062723c751e8b465ee728b)  -> (artifact id: 'dc03b086c8b06051fa6d45e8029575ec') in 0.095596 seconds 
  Import took 0.117566 seconds .

========================================================================
Received Import Request.
  Time since last request: 25.982075 seconds.
  path: Assets/Mod Assets/2D Props/Ancient/Archway.prefab
  artifactKey: Guid(fe1f716c6b4cd4e4ba34d9c94101a9cd) Importer(815301076,1909f56bfc062723c751e8b465ee728b)
Start importing Assets/Mod Assets/2D Props/Ancient/Archway.prefab using Guid(fe1f716c6b4cd4e4ba34d9c94101a9cd) Importer(815301076,1909f56bfc062723c751e8b465ee728b)  -> (artifact id: 'f6623a3543e3d43350db47f721c9d3a8') in 0.762313 seconds 
  Import took 0.770076 seconds .

========================================================================
Received Import Request.
  Time since last request: 0.000625 seconds.
  path: Assets/Mod Assets/2D Props/Space/Asteroid.prefab
  artifactKey: Guid(00245def5afe91341a193d5e8b5f87bc) Importer(815301076,1909f56bfc062723c751e8b465ee728b)
Start importing Assets/Mod Assets/2D Props/Space/Asteroid.prefab using Guid(00245def5afe91341a193d5e8b5f87bc) Importer(815301076,1909f56bfc062723c751e8b465ee728b)  -> (artifact id: '0db710d46687fc8033e7299167f011a3') in 0.148478 seconds 
  Import took 0.163882 seconds .

========================================================================
Received Import Request.
  Time since last request: 0.000626 seconds.
  path: Assets/Mod Assets/2D Props/Billboard Prefabs/BillboardBasic.prefab
  artifactKey: Guid(4091d26b994b6414cab06dc53284e1e9) Importer(815301076,1909f56bfc062723c751e8b465ee728b)
Start importing Assets/Mod Assets/2D Props/Billboard Prefabs/BillboardBasic.prefab using Guid(4091d26b994b6414cab06dc53284e1e9) Importer(815301076,1909f56bfc062723c751e8b465ee728b)  -> (artifact id: '81a78ce8641b192313ba4d0f15cac983') in 0.261967 seconds 
  Import took 0.285720 seconds .

========================================================================
Received Import Request.
  Time since last request: 0.000574 seconds.
  path: Assets/Mod Assets/2D Props/Billboard Prefabs/BillboardTall.prefab
  artifactKey: Guid(fe65a6c2ced93428d9720493d56c3177) Importer(815301076,1909f56bfc062723c751e8b465ee728b)
Start importing Assets/Mod Assets/2D Props/Billboard Prefabs/BillboardTall.prefab using Guid(fe65a6c2ced93428d9720493d56c3177) Importer(815301076,1909f56bfc062723c751e8b465ee728b)  -> (artifact id: '1b03e4c24e082204e16cc4d5805aafb4') in 0.172082 seconds 
  Import took 0.198634 seconds .

========================================================================
Received Import Request.
  Time since last request: 0.000437 seconds.
  path: Assets/Mod Assets/2D Props/Billboard Prefabs/BillboardWide.prefab
  artifactKey: Guid(6f5ec856a365844f480cf909c68da8f6) Importer(815301076,1909f56bfc062723c751e8b465ee728b)
Start importing Assets/Mod Assets/2D Props/Billboard Prefabs/BillboardWide.prefab using Guid(6f5ec856a365844f480cf909c68da8f6) Importer(815301076,1909f56bfc062723c751e8b465ee728b)  -> (artifact id: '8790ff01c4f5d5a1142acaadec1bb88e') in 0.135612 seconds 
  Import took 0.146865 seconds .

========================================================================
Received Import Request.
  Time since last request: 0.102113 seconds.
  path: Assets/Mod Assets/Powerup Prefabs/Bouncepad.prefab
  artifactKey: Guid(dd00d6cc7f67e5e45afd4c44b776fd91) Importer(815301076,1909f56bfc062723c751e8b465ee728b)
Start importing Assets/Mod Assets/Powerup Prefabs/Bouncepad.prefab using Guid(dd00d6cc7f67e5e45afd4c44b776fd91) Importer(815301076,1909f56bfc062723c751e8b465ee728b)  -> (artifact id: '3e6fb279dbfa646da63718aabc48d60e') in 0.111906 seconds 
  Import took 0.121982 seconds .

========================================================================
Received Import Request.
  Time since last request: 0.831564 seconds.
  path: Assets/Mod Assets/Bounce Effect Prefabs/BouncyFireworks.prefab
  artifactKey: Guid(01739b94a2c17405c95abb982bdd4498) Importer(815301076,1909f56bfc062723c751e8b465ee728b)
Start importing Assets/Mod Assets/Bounce Effect Prefabs/BouncyFireworks.prefab using Guid(01739b94a2c17405c95abb982bdd4498) Importer(815301076,1909f56bfc062723c751e8b465ee728b)  -> (artifact id: '3f768beb0565501c93fe62156bec3256') in 0.142367 seconds 
  Import took 0.158157 seconds .

========================================================================
Received Import Request.
  Time since last request: 0.000300 seconds.
  path: Assets/Mod Assets/Bounce Effect Prefabs/BouncyGlowy.prefab
  artifactKey: Guid(e8ac9fddd495344dd969dab643f1506b) Importer(815301076,1909f56bfc062723c751e8b465ee728b)
Start importing Assets/Mod Assets/Bounce Effect Prefabs/BouncyGlowy.prefab using Guid(e8ac9fddd495344dd969dab643f1506b) Importer(815301076,1909f56bfc062723c751e8b465ee728b)  -> (artifact id: '7ded81a58e229ea338ec483c15342ff0') in 0.094526 seconds 
  Import took 0.102090 seconds .

========================================================================
Received Import Request.
  Time since last request: 0.763956 seconds.
  path: Assets/Mod Assets/Bounce Effect Prefabs/BouncyLightning.prefab
  artifactKey: Guid(551743bdaa71a45fe84fd679e2ff0c3b) Importer(815301076,1909f56bfc062723c751e8b465ee728b)
Start importing Assets/Mod Assets/Bounce Effect Prefabs/BouncyLightning.prefab using Guid(551743bdaa71a45fe84fd679e2ff0c3b) Importer(815301076,1909f56bfc062723c751e8b465ee728b)  -> (artifact id: '47e026226ace42f440716d1d0e8ac416') in 0.071694 seconds 
  Import took 0.079172 seconds .

========================================================================
Received Import Request.
  Time since last request: 0.001321 seconds.
  path: Assets/Mod Assets/Bounce Effect Prefabs/BouncySparkly.prefab
  artifactKey: Guid(757c3553bc78148bab809d2e1d440dcf) Importer(815301076,1909f56bfc062723c751e8b465ee728b)
Start importing Assets/Mod Assets/Bounce Effect Prefabs/BouncySparkly.prefab using Guid(757c3553bc78148bab809d2e1d440dcf) Importer(815301076,1909f56bfc062723c751e8b465ee728b)  -> (artifact id: 'e892738ea3fd48303b7bf28347ff61d7') in 0.078499 seconds 
  Import took 0.092939 seconds .

========================================================================
Received Import Request.
  Time since last request: 0.290067 seconds.
  path: Assets/Mod Assets/2D Props/Nature/Cactus.prefab
  artifactKey: Guid(49056c16ab63e6e44a3b6e4a5479e072) Importer(815301076,1909f56bfc062723c751e8b465ee728b)
Start importing Assets/Mod Assets/2D Props/Nature/Cactus.prefab using Guid(49056c16ab63e6e44a3b6e4a5479e072) Importer(815301076,1909f56bfc062723c751e8b465ee728b)  -> (artifact id: 'f8b9bf29932c1c2616573ee440261c57') in 0.120915 seconds 
  Import took 0.131066 seconds .

========================================================================
Received Import Request.
  Time since last request: 13.974845 seconds.
  path: Assets/Character/Animations/PlayerVictory.anim
  artifactKey: Guid(e4a08f6d2d50b4e65b8dc54c2429f307) Importer(815301076,1909f56bfc062723c751e8b465ee728b)
Start importing Assets/Character/Animations/PlayerVictory.anim using Guid(e4a08f6d2d50b4e65b8dc54c2429f307) Importer(815301076,1909f56bfc062723c751e8b465ee728b)  -> (artifact id: '61c5f995debcd37e6bfd27fb90918af4') in 0.090100 seconds 
  Import took 0.097960 seconds .

AssetImportWorkerClient::OnTransportError - code=2 error=End of file
